<?xml version="1.0" encoding="UTF-8"?>
<!-- Generated by org.testng.reporters.JUnitReportReporter -->
<testsuite hostname="LAPTOP-HEAE025M" failures="0" tests="3" name="sel1.CrossBr" time="84.504" errors="0" timestamp="2023-04-11T11:03:28 IST" skipped="0">
  <testcase classname="sel1.CrossBr" name="petStoreTC1" time="28.237"/>
  <system-out/>
  <testcase classname="sel1.CrossBr" name="petStoreTC1" time="27.808"/>
  <system-out/>
  <testcase classname="sel1.CrossBr" name="petStoreTC1" time="28.459"/>
  <system-out/>
</testsuite> <!-- sel1.CrossBr -->
