<?xml version="1.0" encoding="UTF-8"?>
<!-- Generated by org.testng.reporters.JUnitReportReporter -->
<testsuite hostname="LAPTOP-HEAE025M" failures="0" tests="3" name="sel1.CrossBr" time="79.477" errors="0" timestamp="2023-04-17T13:26:57 IST" skipped="0">
  <testcase classname="sel1.CrossBr" name="petStoreTC1" time="25.554"/>
  <system-out/>
  <testcase classname="sel1.CrossBr" name="petStoreTC1" time="27.041"/>
  <system-out/>
  <testcase classname="sel1.CrossBr" name="petStoreTC1" time="26.882"/>
  <system-out/>
</testsuite> <!-- sel1.CrossBr -->
