<?xml version="1.0" encoding="UTF-8"?>
<!-- Generated by org.testng.reporters.JUnitReportReporter -->
<testsuite hostname="LAPTOP-HEAE025M" failures="0" tests="3" name="sel1.CrossBr" time="78.455" errors="0" timestamp="2023-04-17T10:57:49 IST" skipped="0">
  <testcase classname="sel1.CrossBr" name="petStoreTC1" time="25.187"/>
  <system-out/>
  <testcase classname="sel1.CrossBr" name="petStoreTC1" time="26.468"/>
  <system-out/>
  <testcase classname="sel1.CrossBr" name="petStoreTC1" time="26.800"/>
  <system-out/>
</testsuite> <!-- sel1.CrossBr -->
